<?xml version="1.0" encoding="UTF-8"?>
<beans xmlns="http://www.springframework.org/schema/beans"
    xmlns:xsi="http://www.w3.org/2001/XMLSchema-instance"
    xsi:schemaLocation="http://www.springframework.org/schema/beans http://www.springframework.org/schema/beans/spring-beans-3.0.xsd">

	<bean id="customer" class="no.systema.visma.integration.Customer"/>
	<bean id="customerInvoice" class="no.systema.visma.integration.CustomerInvoice"/>
	<bean id="customerApi" class="no.systema.visma.v1client.api.CustomerApi"/>
	<bean id="customerInvoiceApi" class="no.systema.visma.v1client.api.CustomerInvoiceApi"/>
	<bean id="customerCreditNoteApi" class="no.systema.visma.v1client.api.CustomerCreditNoteApi"/>
	<bean id="customerInvoiceApiExtended" class="no.systema.visma.integration.extended.CustomerInvoiceApiExtended"/>
	<bean id="customerCreditNoteApiExtended" class="no.systema.visma.integration.extended.CustomerCreditNoteApiExtended"/>
	<bean id="vatCategory" class="no.systema.visma.integration.VatCategory"/>
	<bean id="vatCategoryApi" class="no.systema.visma.v1client.api.VatCategoryApi"/>
	<bean id="subAccount" class="no.systema.visma.integration.Subaccount"/>
	<bean id="subAccountApi" class="no.systema.visma.v1client.api.SubaccountApi"/>
	<bean id="security" class="no.systema.visma.integration.Security"/>
	<bean id="securityApi" class="no.systema.visma.v1client.api.SecurityApi"/>
	<bean id="dimension" class="no.systema.visma.integration.Dimension"/>
	<bean id="dimensionApi" class="no.systema.visma.v1client.api.DimensionApi"/>
	<bean id="supplier" class="no.systema.visma.integration.Supplier"/>
	<bean id="supplierApi" class="no.systema.visma.v1client.api.SupplierApi"/>
	<bean id="supplierInvoice" class="no.systema.visma.integration.SupplierInvoice"/>
	<bean id="supplierInvoiceApi" class="no.systema.visma.v1client.api.SupplierInvoiceApi"/>	
	<bean id="supplierInvoiceApiExtended" class="no.systema.visma.integration.extended.SupplierInvoiceApiExtended"/>

	<bean id="journalTransaction" class="no.systema.visma.integration.JournalTransaction"/>
	<bean id="journalTransactionApi" class="no.systema.visma.v1client.api.JournalTransactionApi"/>
	
	
	<bean id="customerTransactionManager" class="no.systema.visma.transaction.CustomerTransactionManager"/>
	<bean id="customerInvoiceTransactionManager" class="no.systema.visma.transaction.CustomerInvoiceTransactionManager"/>
	<bean id="supplierTransactionManager" class="no.systema.visma.transaction.SupplierTransactionManager"/>
	<bean id="supplierInvoiceTransactionManager" class="no.systema.visma.transaction.SupplierInvoiceTransactionManager"/>

    <import resource="classpath:syjservicescommon-data-service-test.xml"/>
    
    
</beans>